<?xml version="1.0" encoding="UTF-8"?>
<!-- Generated by org.testng.reporters.JUnitReportReporter -->
<testsuite hostname="DESKTOP-KAVYA" failures="0" tests="1" name="com.qa.testlayer.Testcase_001" time="10.586" errors="0" timestamp="2024-07-18T14:45:13 IST" skipped="0">
  <testcase classname="com.qa.testlayer.Testcase_001" name="testCase_001" time="10.586"/>
  <system-out/>
</testsuite> <!-- com.qa.testlayer.Testcase_001 -->
